<?xml version="1.0" encoding="UTF-8"?>
<!-- Generated by org.testng.reporters.JUnitXMLReporter -->
<testsuite ignored="0" hostname="ace" failures="1" tests="3" name="ErrorValidation" time="24.922" errors="0" timestamp="2024-01-09T19:34:50 IST">
  <testcase classname="Framework.ErrorValidation" name="submitorder" time="0.795"/>
  <testcase classname="Framework.ErrorValidation" name="submitorder2" time="2.579">
    <skipped/>
  </testcase> <!-- submitorder2 -->
  <testcase classname="Framework.ErrorValidation" name="submitorder2" time="0.659">
    <failure type="java.lang.AssertionError" message="expected [Incorrect email or password.] but found [Incorrect email or password]">
      <![CDATA[java.lang.AssertionError: expected [Incorrect email or password.] but found [Incorrect email or password]
at Framework.ErrorValidation.submitorder2(ErrorValidation.java:27)
at java.base/java.util.ArrayList.forEach(ArrayList.java:1596)
at java.base/java.util.concurrent.FutureTask.run(FutureTask.java:317)
at java.base/java.util.concurrent.ThreadPoolExecutor.runWorker(ThreadPoolExecutor.java:1144)
at java.base/java.util.concurrent.ThreadPoolExecutor$Worker.run(ThreadPoolExecutor.java:642)
at java.base/java.lang.Thread.run(Thread.java:1583)
... Removed 21 stack frames]]>
    </failure>
  </testcase> <!-- submitorder2 -->
</testsuite> <!-- ErrorValidation -->
