<?xml version="1.0" encoding="UTF-8"?>
<testng-results ignored="3" total="4" passed="1" failed="0" skipped="0">
  <reporter-output>
  </reporter-output>
  <suite started-at="2024-01-14T21:16:36 IST" name="Suite" finished-at="2024-01-14T21:17:02 IST" duration-ms="26592">
    <groups>
      <group name="purchase">
        <method signature="StandAloneTests.submitorder(java.lang.String,java.lang.String,java.lang.String,java.lang.String)[pri:0, instance:Framework.StandAloneTests@158da8e]" name="submitorder" class="Framework.StandAloneTests"/>
      </group> <!-- purchase -->
    </groups>
    <test started-at="2024-01-14T21:16:36 IST" name="ErrorValidation" finished-at="2024-01-14T21:16:36 IST" duration-ms="10">
    </test> <!-- ErrorValidation -->
    <test started-at="2024-01-14T21:16:36 IST" name="StandAloneTests" finished-at="2024-01-14T21:17:02 IST" duration-ms="26592">
      <class name="Framework.StandAloneTests">
        <test-method is-config="true" signature="launchapplicationpage()[pri:0, instance:Framework.StandAloneTests@158da8e]" started-at="2024-01-14T21:16:36 IST" name="launchapplicationpage" finished-at="2024-01-14T21:16:41 IST" duration-ms="4342" status="PASS">
          <reporter-output>
          </reporter-output>
        </test-method> <!-- launchapplicationpage -->
        <test-method signature="submitorder(java.lang.String,java.lang.String,java.lang.String,java.lang.String)[pri:0, instance:Framework.StandAloneTests@158da8e]" started-at="2024-01-14T21:16:41 IST" name="submitorder" data-provider="getdata" finished-at="2024-01-14T21:17:02 IST" duration-ms="21405" status="PASS">
          <params>
            <param index="0">
              <value>
                <![CDATA[anshika]]>
              </value>
            </param>
            <param index="1">
              <value>
                <![CDATA[anshika@gmail.com]]>
              </value>
            </param>
            <param index="2">
              <value>
                <![CDATA[Iamking@000]]>
              </value>
            </param>
            <param index="3">
              <value>
                <![CDATA[ZARA COAT 3]]>
              </value>
            </param>
          </params>
          <reporter-output>
          </reporter-output>
        </test-method> <!-- submitorder -->
        <test-method is-config="true" signature="close()[pri:0, instance:Framework.StandAloneTests@158da8e]" started-at="2024-01-14T21:17:02 IST" name="close" finished-at="2024-01-14T21:17:02 IST" duration-ms="343" status="PASS">
          <reporter-output>
          </reporter-output>
        </test-method> <!-- close -->
      </class> <!-- Framework.StandAloneTests -->
    </test> <!-- StandAloneTests -->
  </suite> <!-- Suite -->
</testng-results>
